GROUP,PACKAGE,CLASS,INSTRUCTION_MISSED,INSTRUCTION_COVERED,BRANCH_MISSED,BRANCH_COVERED,LINE_MISSED,LINE_COVERED,COMPLEXITY_MISSED,COMPLEXITY_COVERED,METHOD_MISSED,METHOD_COVERED
Unit-Test Coverage,de.mirkosertic.powerstaff.profilesearch.query,ProfileSearchQueryService.new Record() {...},12,0,0,0,1,0,1,0,1,0
Unit-Test Coverage,de.mirkosertic.powerstaff.profilesearch.query,ChatListView,24,0,0,0,1,0,1,0,1,0
Unit-Test Coverage,de.mirkosertic.powerstaff.profilesearch.query,ProfileSearchQueryService.new Record() {...},27,0,0,0,1,0,1,0,1,0
Unit-Test Coverage,de.mirkosertic.powerstaff.profilesearch.query,ProfileSearchQueryService.new Record() {...},42,0,0,0,1,0,1,0,1,0
Unit-Test Coverage,de.mirkosertic.powerstaff.profilesearch.query,ProfileSearchQueryService.new Record() {...},15,0,0,0,1,0,1,0,1,0
Unit-Test Coverage,de.mirkosertic.powerstaff.profilesearch.query,LlmFreelancerContext,27,0,0,0,1,0,1,0,1,0
Unit-Test Coverage,de.mirkosertic.powerstaff.profilesearch.query,ProfileSearchPage,0,9,0,0,0,1,0,1,0,1
Unit-Test Coverage,de.mirkosertic.powerstaff.profilesearch.query,ProfileSearchQueryService.new Record() {...},15,0,0,0,1,0,1,0,1,0
Unit-Test Coverage,de.mirkosertic.powerstaff.profilesearch.query,MessageView,27,0,0,0,1,0,1,0,1,0
Unit-Test Coverage,de.mirkosertic.powerstaff.profilesearch.query,ProfileSearchQueryService.new Record() {...},27,0,0,0,1,0,1,0,1,0
Unit-Test Coverage,de.mirkosertic.powerstaff.profilesearch.query,ProfileSearchQueryService.new Record() {...},27,0,0,0,1,0,1,0,1,0
Unit-Test Coverage,de.mirkosertic.powerstaff.profilesearch.query,ProfileSearchQueryService.new Record() {...},30,0,0,0,1,0,1,0,1,0
Unit-Test Coverage,de.mirkosertic.powerstaff.profilesearch.query,ProfileSearchQueryService,909,126,77,5,199,32,56,6,13,6
Unit-Test Coverage,de.mirkosertic.powerstaff.profilesearch.query,LlmProjectContext,0,33,0,0,0,1,0,1,0,1
Unit-Test Coverage,de.mirkosertic.powerstaff.profilesearch.query,FreelancerBatchRow,27,0,0,0,1,0,1,0,1,0
Unit-Test Coverage,de.mirkosertic.powerstaff.profilesearch.query,ProfileSearchCriteria,109,96,2,0,7,5,8,5,7,5
Unit-Test Coverage,de.mirkosertic.powerstaff.profilesearch.query,ProfileSearchQueryService.new Record() {...},51,0,0,0,1,0,1,0,1,0
Unit-Test Coverage,de.mirkosertic.powerstaff.profilesearch.query,McpSearchException,5,0,0,0,2,0,1,0,1,0
Unit-Test Coverage,de.mirkosertic.powerstaff.profilesearch.query,ProfileSearchQueryService.new Record() {...},18,0,0,0,1,0,1,0,1,0
Unit-Test Coverage,de.mirkosertic.powerstaff.profilesearch.query,ProfileSearchResult,0,39,0,0,0,1,0,1,0,1
Unit-Test Coverage,de.mirkosertic.powerstaff.profilesearch.query,ProfileSearchQueryService.new Record() {...},9,0,0,0,1,0,1,0,1,0
Unit-Test Coverage,de.mirkosertic.powerstaff.freelancer.query,FreelancerDetailView,114,0,0,0,1,0,1,0,1,0
Unit-Test Coverage,de.mirkosertic.powerstaff.freelancer.query,FreelancerQueryService.new Record() {...},15,0,0,0,1,0,1,0,1,0
Unit-Test Coverage,de.mirkosertic.powerstaff.freelancer.query,FreelancerQueryService,670,0,28,0,144,0,36,0,22,0
Unit-Test Coverage,de.mirkosertic.powerstaff.freelancer.query,FreelancerPartnerView,15,0,0,0,1,0,1,0,1,0
Unit-Test Coverage,de.mirkosertic.powerstaff.freelancer.query,FreelancerContactView,15,0,0,0,1,0,1,0,1,0
Unit-Test Coverage,de.mirkosertic.powerstaff.freelancer.query,FreelancerSearchCriteria,1129,0,0,0,24,0,24,0,24,0
Unit-Test Coverage,de.mirkosertic.powerstaff.freelancer.query,FreelancerQueryService.new Record() {...},36,0,0,0,1,0,1,0,1,0
Unit-Test Coverage,de.mirkosertic.powerstaff.freelancer.query,FreelancerSearchResult,39,0,0,0,1,0,1,0,1,0
Unit-Test Coverage,de.mirkosertic.powerstaff.freelancer.query,FreelancerHistoryView,30,0,0,0,1,0,1,0,1,0
Unit-Test Coverage,de.mirkosertic.powerstaff.freelancer.query,TagInfo,12,0,0,0,1,0,1,0,1,0
Unit-Test Coverage,de.mirkosertic.powerstaff.shared.command,ProjectPositionStatus,46,0,0,0,20,0,11,0,11,0
Unit-Test Coverage,de.mirkosertic.powerstaff.shared.command,StammdatenCommandService,89,0,4,0,24,0,14,0,12,0
Unit-Test Coverage,de.mirkosertic.powerstaff.shared.command,Tag,29,0,0,0,13,0,7,0,7,0
Unit-Test Coverage,de.mirkosertic.powerstaff.shared.command,HistoryType,19,0,0,0,9,0,5,0,5,0
Unit-Test Coverage,de.mirkosertic.powerstaff.shared,ContactType.new ContactType() {...},0,18,1,3,0,5,1,4,0,3
Unit-Test Coverage,de.mirkosertic.powerstaff.shared,ContactType.new ContactType() {...},0,18,1,3,0,5,1,4,0,3
Unit-Test Coverage,de.mirkosertic.powerstaff.shared,ContactType.new ContactType() {...},0,18,1,3,0,5,1,4,0,3
Unit-Test Coverage,de.mirkosertic.powerstaff.shared,ContactType.new ContactType() {...},0,10,0,0,0,3,0,3,0,3
Unit-Test Coverage,de.mirkosertic.powerstaff.shared,ContactType.new ContactType() {...},0,10,0,0,0,3,0,3,0,3
Unit-Test Coverage,de.mirkosertic.powerstaff.shared,ContactType.new ContactType() {...},0,10,0,0,0,3,0,3,0,3
Unit-Test Coverage,de.mirkosertic.powerstaff.shared,ContactType,0,39,0,0,0,7,0,1,0,1
Unit-Test Coverage,de.mirkosertic.powerstaff.shared,WebMvcConfig,74,0,8,0,18,0,8,0,4,0
Unit-Test Coverage,de.mirkosertic.powerstaff.shared,ProjectStatus.new ProjectStatus() {...},0,8,0,0,0,2,0,2,0,2
Unit-Test Coverage,de.mirkosertic.powerstaff.shared,ProjectStatus.new ProjectStatus() {...},0,8,0,0,0,2,0,2,0,2
Unit-Test Coverage,de.mirkosertic.powerstaff.shared,ProjectStatus.new ProjectStatus() {...},0,8,0,0,0,2,0,2,0,2
Unit-Test Coverage,de.mirkosertic.powerstaff.shared,ProjectStatus.new ProjectStatus() {...},0,8,0,0,0,2,0,2,0,2
Unit-Test Coverage,de.mirkosertic.powerstaff.shared,ProjectStatus.new ProjectStatus() {...},0,8,0,0,0,2,0,2,0,2
Unit-Test Coverage,de.mirkosertic.powerstaff.shared,TagType,0,49,0,0,0,10,0,3,0,3
Unit-Test Coverage,de.mirkosertic.powerstaff.shared,ProjectStatus,0,77,0,4,0,14,0,6,0,4
Unit-Test Coverage,de.mirkosertic.powerstaff.shared,TagType.new TagType() {...},0,8,0,0,0,2,0,2,0,2
Unit-Test Coverage,de.mirkosertic.powerstaff.shared,TagType.new TagType() {...},0,8,0,0,0,2,0,2,0,2
Unit-Test Coverage,de.mirkosertic.powerstaff.shared,TagType.new TagType() {...},0,8,0,0,0,2,0,2,0,2
Unit-Test Coverage,de.mirkosertic.powerstaff.shared,TagType.new TagType() {...},0,8,0,0,0,2,0,2,0,2
Unit-Test Coverage,de.mirkosertic.powerstaff.shared,TagType.new TagType() {...},0,8,0,0,0,2,0,2,0,2
Unit-Test Coverage,de.mirkosertic.powerstaff.customer.api,KundeController,683,0,50,0,121,0,48,0,23,0
Unit-Test Coverage,de.mirkosertic.powerstaff.customer.api,KundeController.new TypeReference() {...},8,0,0,0,1,0,1,0,1,0
Unit-Test Coverage,de.mirkosertic.powerstaff.customer.api,KundeController.new TypeReference() {...},8,0,0,0,1,0,1,0,1,0
Unit-Test Coverage,de.mirkosertic.powerstaff.partner.command,PartnerHistoryEntry,15,0,0,0,1,0,1,0,1,0
Unit-Test Coverage,de.mirkosertic.powerstaff.partner.command,PartnerCommandService,214,0,22,0,52,0,17,0,6,0
Unit-Test Coverage,de.mirkosertic.powerstaff.partner.command,PartnerContactEntry,15,0,0,0,1,0,1,0,1,0
Unit-Test Coverage,de.mirkosertic.powerstaff.partner.command,PartnerHasProjectsException,12,0,0,0,4,0,2,0,2,0
Unit-Test Coverage,de.mirkosertic.powerstaff.partner.command,PartnerHistory,59,0,0,0,17,0,17,0,17,0
Unit-Test Coverage,de.mirkosertic.powerstaff.partner.command,PartnerContact,59,0,0,0,17,0,17,0,17,0
Unit-Test Coverage,de.mirkosertic.powerstaff.partner.command,Partner,129,0,0,0,37,0,37,0,37,0
Unit-Test Coverage,de.mirkosertic.powerstaff.project.command,ProjectPosition,80,0,0,0,23,0,23,0,23,0
Unit-Test Coverage,de.mirkosertic.powerstaff.project.command,RememberedProjectInfo,12,0,0,0,1,0,1,0,1,0
Unit-Test Coverage,de.mirkosertic.powerstaff.project.command,RememberedProjectService,64,0,2,0,13,0,7,0,6,0
Unit-Test Coverage,de.mirkosertic.powerstaff.project.command,FreelancerAlreadyAssignedException,6,0,0,0,2,0,1,0,1,0
Unit-Test Coverage,de.mirkosertic.powerstaff.project.command,ProjectPositionCommandService,126,0,6,0,34,0,10,0,7,0
Unit-Test Coverage,de.mirkosertic.powerstaff.project.command,ProjectHistory,52,0,0,0,15,0,15,0,15,0
Unit-Test Coverage,de.mirkosertic.powerstaff.project.command,RememberedProject,41,0,0,0,13,0,8,0,8,0
Unit-Test Coverage,de.mirkosertic.powerstaff.project.command,ProjectCommandService,45,0,2,0,12,0,5,0,4,0
Unit-Test Coverage,de.mirkosertic.powerstaff.project.command,ProjectValidator,0,21,0,4,0,6,0,5,0,3
Unit-Test Coverage,de.mirkosertic.powerstaff.project.command,ProjectHistoryCommandService,22,0,0,0,7,0,4,0,4,0
Unit-Test Coverage,de.mirkosertic.powerstaff.project.command,Project,133,20,0,0,38,6,38,5,38,5
Unit-Test Coverage,de.mirkosertic.powerstaff.project.command,BothFKsException,4,0,0,0,2,0,1,0,1,0
Unit-Test Coverage,de.mirkosertic.powerstaff.auth,PsAuthenticationSuccessHandler,31,0,2,0,11,0,3,0,2,0
Unit-Test Coverage,de.mirkosertic.powerstaff.auth,UserQueryService,33,0,0,0,16,0,4,0,4,0
Unit-Test Coverage,de.mirkosertic.powerstaff.auth,MustChangePasswordFilter,67,0,10,0,19,0,8,0,3,0
Unit-Test Coverage,de.mirkosertic.powerstaff.auth,PasswordChangeController.PasswordChangeCommand,3,0,0,0,1,0,1,0,1,0
Unit-Test Coverage,de.mirkosertic.powerstaff.auth,UserController,315,0,48,0,73,0,33,0,9,0
Unit-Test Coverage,de.mirkosertic.powerstaff.auth,UserCommandService,83,0,6,0,20,0,11,0,8,0
Unit-Test Coverage,de.mirkosertic.powerstaff.auth,PsUser,54,0,2,0,19,0,11,0,10,0
Unit-Test Coverage,de.mirkosertic.powerstaff.auth,UserView,21,0,0,0,1,0,1,0,1,0
Unit-Test Coverage,de.mirkosertic.powerstaff.auth,PasswordChangeController,100,0,8,0,23,0,7,0,3,0
Unit-Test Coverage,de.mirkosertic.powerstaff.auth,PsUserDetailsService,65,0,4,0,13,0,5,0,3,0
Unit-Test Coverage,de.mirkosertic.powerstaff.freelancer.api,FreelancerController.new TypeReference() {...},8,0,0,0,1,0,1,0,1,0
Unit-Test Coverage,de.mirkosertic.powerstaff.freelancer.api,FreelancerController.new TypeReference() {...},8,0,0,0,1,0,1,0,1,0
Unit-Test Coverage,de.mirkosertic.powerstaff.freelancer.api,FreelancerController.new TypeReference() {...},8,0,0,0,1,0,1,0,1,0
Unit-Test Coverage,de.mirkosertic.powerstaff.freelancer.api,FreelancerController,976,0,82,0,160,0,68,0,27,0
Unit-Test Coverage,de.mirkosertic.powerstaff.project.api,ProjectController.AssignByIdRequest,6,0,0,0,1,0,1,0,1,0
Unit-Test Coverage,de.mirkosertic.powerstaff.project.api,ProjectController,772,0,50,0,134,0,55,0,30,0
Unit-Test Coverage,de.mirkosertic.powerstaff.project.api,ProjectHistoryController.HistoryRequest,6,0,0,0,1,0,1,0,1,0
Unit-Test Coverage,de.mirkosertic.powerstaff.project.api,ProjectController.PositionRequest,15,0,0,0,1,0,1,0,1,0
Unit-Test Coverage,de.mirkosertic.powerstaff.project.api,ProjectHistoryController,69,0,0,0,16,0,5,0,5,0
Unit-Test Coverage,de.mirkosertic.powerstaff.partner.query,PartnerSearchCriteria,379,0,0,0,14,0,14,0,14,0
Unit-Test Coverage,de.mirkosertic.powerstaff.partner.query,PartnerQueryService,348,0,14,0,80,0,22,0,15,0
Unit-Test Coverage,de.mirkosertic.powerstaff.partner.query,PartnerContactView,15,0,0,0,1,0,1,0,1,0
Unit-Test Coverage,de.mirkosertic.powerstaff.partner.query,PartnerFreelancerView,24,0,0,0,1,0,1,0,1,0
Unit-Test Coverage,de.mirkosertic.powerstaff.partner.query,PartnerSearchResult,21,0,0,0,1,0,1,0,1,0
Unit-Test Coverage,de.mirkosertic.powerstaff.partner.query,PartnerDetailView,57,0,0,0,1,0,1,0,1,0
Unit-Test Coverage,de.mirkosertic.powerstaff.partner.query,PartnerProjectView,26,0,0,0,2,0,2,0,2,0
Unit-Test Coverage,de.mirkosertic.powerstaff.partner.query,PartnerHistoryView,30,0,0,0,1,0,1,0,1,0
Unit-Test Coverage,de.mirkosertic.powerstaff.shared.api,StammdatenController,235,0,2,0,54,0,18,0,17,0
Unit-Test Coverage,de.mirkosertic.powerstaff.freelancer.command,DuplicateTagException,6,0,0,0,2,0,1,0,1,0
Unit-Test Coverage,de.mirkosertic.powerstaff.freelancer.command,FreelancerTagCommandService,59,0,2,0,15,0,5,0,4,0
Unit-Test Coverage,de.mirkosertic.powerstaff.freelancer.command,FreelancerHistoryEntry,15,0,0,0,1,0,1,0,1,0
Unit-Test Coverage,de.mirkosertic.powerstaff.freelancer.command,FreelancerContact,59,0,0,0,17,0,17,0,17,0
Unit-Test Coverage,de.mirkosertic.powerstaff.freelancer.command,FreelancerHistory,59,0,0,0,17,0,17,0,17,0
Unit-Test Coverage,de.mirkosertic.powerstaff.freelancer.command,Freelancer,262,0,0,0,75,0,75,0,75,0
Unit-Test Coverage,de.mirkosertic.powerstaff.freelancer.command,FreelancerTag,52,0,0,0,15,0,15,0,15,0
Unit-Test Coverage,de.mirkosertic.powerstaff.freelancer.command,FreelancerTagEntry,9,0,0,0,1,0,1,0,1,0
Unit-Test Coverage,de.mirkosertic.powerstaff.freelancer.command,FreelancerHasPositionsException,12,0,0,0,4,0,2,0,2,0
Unit-Test Coverage,de.mirkosertic.powerstaff.freelancer.command,FreelancerLookupResult,12,0,0,0,1,0,1,0,1,0
Unit-Test Coverage,de.mirkosertic.powerstaff.freelancer.command,DuplicateCodeException,5,0,0,0,2,0,1,0,1,0
Unit-Test Coverage,de.mirkosertic.powerstaff.freelancer.command,FreelancerCommandService,360,0,42,0,83,0,33,0,12,0
Unit-Test Coverage,de.mirkosertic.powerstaff.freelancer.command,FreelancerContactEntry,15,0,0,0,1,0,1,0,1,0
Unit-Test Coverage,de.mirkosertic.powerstaff.customer.query,KundeSearchCriteria,379,0,0,0,14,0,14,0,14,0
Unit-Test Coverage,de.mirkosertic.powerstaff.customer.query,KundeContactView,15,0,0,0,1,0,1,0,1,0
Unit-Test Coverage,de.mirkosertic.powerstaff.customer.query,KundeHistoryView,30,0,0,0,1,0,1,0,1,0
Unit-Test Coverage,de.mirkosertic.powerstaff.customer.query,KundeProjectListItem,26,0,0,0,2,0,2,0,2,0
Unit-Test Coverage,de.mirkosertic.powerstaff.customer.query,KundeQueryService,372,0,23,0,84,0,28,0,15,0
Unit-Test Coverage,de.mirkosertic.powerstaff.customer.query,KundeDetailView,57,0,0,0,1,0,1,0,1,0
Unit-Test Coverage,de.mirkosertic.powerstaff.customer.query,KundeSearchResult,21,0,0,0,1,0,1,0,1,0
Unit-Test Coverage,de.mirkosertic.powerstaff.customer.command,Kunde,129,0,0,0,37,0,37,0,37,0
Unit-Test Coverage,de.mirkosertic.powerstaff.customer.command,KundeHistory,59,0,0,0,17,0,17,0,17,0
Unit-Test Coverage,de.mirkosertic.powerstaff.customer.command,KundeContactEntry,15,0,0,0,1,0,1,0,1,0
Unit-Test Coverage,de.mirkosertic.powerstaff.customer.command,KundeCommandService,214,0,22,0,52,0,17,0,6,0
Unit-Test Coverage,de.mirkosertic.powerstaff.customer.command,KundeContact,59,0,0,0,17,0,17,0,17,0
Unit-Test Coverage,de.mirkosertic.powerstaff.customer.command,KundeHistoryEntry,15,0,0,0,1,0,1,0,1,0
Unit-Test Coverage,de.mirkosertic.powerstaff.customer.command,KundeHasProjectsException,12,0,0,0,4,0,2,0,2,0
Unit-Test Coverage,de.mirkosertic.powerstaff.profilesearch.api,ProfileSearchController.SendResponse,0,15,0,0,0,1,0,1,0,1
Unit-Test Coverage,de.mirkosertic.powerstaff.profilesearch.api,ProfileSearchController.SendResponseWrapper,0,15,0,0,0,1,0,1,0,1
Unit-Test Coverage,de.mirkosertic.powerstaff.profilesearch.api,ProfileSearchController.SendRequest,0,6,0,0,0,1,0,1,0,1
Unit-Test Coverage,de.mirkosertic.powerstaff.profilesearch.api,ProfileSearchController,568,481,50,40,105,95,46,20,10,9
Unit-Test Coverage,de.mirkosertic.powerstaff.shared.query,HistoryTypeView,9,0,0,0,1,0,1,0,1,0
Unit-Test Coverage,de.mirkosertic.powerstaff.shared.query,ProjectPositionStatusQueryService,22,0,0,0,11,0,3,0,3,0
Unit-Test Coverage,de.mirkosertic.powerstaff.shared.query,TagQueryService,26,0,0,0,12,0,3,0,3,0
Unit-Test Coverage,de.mirkosertic.powerstaff.shared.query,HistoryTypeQueryService,14,0,0,0,7,0,2,0,2,0
Unit-Test Coverage,de.mirkosertic.powerstaff.shared.query,ProjectPositionStatusView,18,0,0,0,1,0,1,0,1,0
Unit-Test Coverage,de.mirkosertic.powerstaff.shared.query,TagView,12,0,0,0,1,0,1,0,1,0
Unit-Test Coverage,de.mirkosertic.powerstaff,HomeController,7,0,0,0,3,0,3,0,3,0
Unit-Test Coverage,de.mirkosertic.powerstaff,PowerstaffApplication,8,0,0,0,3,0,2,0,2,0
Unit-Test Coverage,de.mirkosertic.powerstaff.project.query,ProjectQueryService,372,0,18,0,75,0,19,0,10,0
Unit-Test Coverage,de.mirkosertic.powerstaff.project.query,ProjectPositionQueryService,71,0,10,0,19,0,9,0,3,0
Unit-Test Coverage,de.mirkosertic.powerstaff.project.query,ProjectPositionView,42,0,0,0,1,0,1,0,1,0
Unit-Test Coverage,de.mirkosertic.powerstaff.project.query,ProjectSearchResult,24,0,0,0,1,0,1,0,1,0
Unit-Test Coverage,de.mirkosertic.powerstaff.project.query,ProjectDetailView,66,0,0,0,1,0,1,0,1,0
Unit-Test Coverage,de.mirkosertic.powerstaff.project.query,ProjectSearchCriteria,326,0,0,0,13,0,13,0,13,0
Unit-Test Coverage,de.mirkosertic.powerstaff.project.query,ProjectHistoryQueryService,17,0,0,0,7,0,2,0,2,0
Unit-Test Coverage,de.mirkosertic.powerstaff.project.query,ProjectHistoryView,24,0,0,0,1,0,1,0,1,0
Unit-Test Coverage,de.mirkosertic.powerstaff.config,DevDataConfig,29,0,0,0,7,0,3,0,3,0
Unit-Test Coverage,de.mirkosertic.powerstaff.config,SecurityConfig,126,0,0,0,27,0,7,0,7,0
Unit-Test Coverage,de.mirkosertic.powerstaff.config,AuditingConfig,0,25,1,5,0,7,1,5,0,3
Unit-Test Coverage,de.mirkosertic.powerstaff.partner.api,PartnerController.new TypeReference() {...},8,0,0,0,1,0,1,0,1,0
Unit-Test Coverage,de.mirkosertic.powerstaff.partner.api,PartnerController.new TypeReference() {...},8,0,0,0,1,0,1,0,1,0
Unit-Test Coverage,de.mirkosertic.powerstaff.partner.api,PartnerController,845,0,54,0,152,0,52,0,25,0
Unit-Test Coverage,de.mirkosertic.powerstaff.profilesearch.command,LlmService.ChatStreamEvent.ContentToken,0,6,0,0,0,1,0,1,0,1
Unit-Test Coverage,de.mirkosertic.powerstaff.profilesearch.command,SpringAILlmService,702,102,57,13,155,26,44,8,14,3
Unit-Test Coverage,de.mirkosertic.powerstaff.profilesearch.command,MockLLmService,35,16,2,0,4,2,2,2,1,2
Unit-Test Coverage,de.mirkosertic.powerstaff.profilesearch.command,LlmService.ChatStreamEvent.StreamError,6,0,0,0,1,0,1,0,1,0
Unit-Test Coverage,de.mirkosertic.powerstaff.profilesearch.command,ProfileSearchConfig,164,0,10,0,40,0,10,0,5,0
Unit-Test Coverage,de.mirkosertic.powerstaff.profilesearch.command,PersistentUserMessage,4,0,0,0,2,0,1,0,1,0
Unit-Test Coverage,de.mirkosertic.powerstaff.profilesearch.command,ProfileSearchProperties,0,24,0,0,0,9,0,5,0,5
Unit-Test Coverage,de.mirkosertic.powerstaff.profilesearch.command,SpringAILlmService.new ChatProgressCollector() {...},35,0,2,0,9,0,4,0,3,0
Unit-Test Coverage,de.mirkosertic.powerstaff.profilesearch.command,ProfileSearchChat,45,0,0,0,13,0,13,0,13,0
Unit-Test Coverage,de.mirkosertic.powerstaff.profilesearch.command,SpringAILlmService.StreamingChatProgressCollector,0,66,0,2,0,18,0,7,0,6
Unit-Test Coverage,de.mirkosertic.powerstaff.profilesearch.command,PersistentAssistantMessage,11,0,0,0,4,0,2,0,2,0
Unit-Test Coverage,de.mirkosertic.powerstaff.profilesearch.command,LlmService.ChatStreamEvent.ToolResult,0,9,0,0,0,1,0,1,0,1
Unit-Test Coverage,de.mirkosertic.powerstaff.profilesearch.command,McpClientFactory,157,4,6,0,42,1,7,1,4,1
Unit-Test Coverage,de.mirkosertic.powerstaff.profilesearch.command,SpringAIChatRepository,479,0,30,0,92,0,25,0,10,0
Unit-Test Coverage,de.mirkosertic.powerstaff.profilesearch.command,McpConnectionProperties,65,0,0,0,25,0,13,0,13,0
Unit-Test Coverage,de.mirkosertic.powerstaff.profilesearch.command,ProfileSearchMessage,59,0,0,0,17,0,17,0,17,0
Unit-Test Coverage,de.mirkosertic.powerstaff.profilesearch.command,PersistentToolResponseMessage,5,0,0,0,2,0,1,0,1,0
Unit-Test Coverage,de.mirkosertic.powerstaff.profilesearch.command,SpringAIChatRepository.new TypeReference() {...},8,0,0,0,1,0,1,0,1,0
Unit-Test Coverage,de.mirkosertic.powerstaff.profilesearch.command,SpringAIChatRepository.new TypeReference() {...},8,0,0,0,1,0,1,0,1,0
Unit-Test Coverage,de.mirkosertic.powerstaff.profilesearch.command,McpConnectionException,9,0,0,0,4,0,2,0,2,0
Unit-Test Coverage,de.mirkosertic.powerstaff.profilesearch.command,LlmService.ChatStreamEvent.ThinkingToken,0,6,0,0,0,1,0,1,0,1
Unit-Test Coverage,de.mirkosertic.powerstaff.profilesearch.command,ProfileSearchCommandService,162,0,8,0,45,0,9,0,5,0
Unit-Test Coverage,de.mirkosertic.powerstaff.profilesearch.command,LlmService.ChatStreamEvent.MessageComplete,15,0,0,0,1,0,1,0,1,0
Unit-Test Coverage,de.mirkosertic.powerstaff.profilesearch.command,LlmService.ChatStreamEvent.ToolCall,0,9,0,0,0,1,0,1,0,1
Unit-Test Coverage,de.mirkosertic.powerstaff.profilesearch.command,ChatProgressCollector,6,2,0,0,5,2,5,2,5,2
Unit-Test Coverage,de.mirkosertic.powerstaff.profilesearch.command,SimpleLoggerAdvisor,76,0,8,0,21,0,14,0,10,0
Unit-Test Coverage,de.mirkosertic.powerstaff.profilesearch.command,LlmService.Reply,0,21,0,0,0,1,0,1,0,1
